#
# A fatal error has been detected by the Java Runtime Environment:
#
#  SIGBUS (0xa) at pc=0x00000001103f1fe6, pid=93922, tid=22275
#
# JRE version: Java(TM) SE Runtime Environment (8.0_05-b13) (build 1.8.0_05-b13)
# Java VM: Java HotSpot(TM) 64-Bit Server VM (25.5-b02 mixed mode bsd-amd64 compressed oops)
# Problematic frame:
# C  [libzip.dylib+0x2fe6]  newEntry+0x154
#
# Failed to write core dump. Core dumps have been disabled. To enable core dumping, try "ulimit -c unlimited" before starting Java again
#
# If you would like to submit a bug report, please visit:
#   http://bugreport.sun.com/bugreport/crash.jsp
# The crash happened outside the Java Virtual Machine in native code.
# See problematic frame for where to report the bug.
#

---------------  T H R E A D  ---------------

Current thread (0x00007feacba00800):  JavaThread "dw-16-acceptor-0@42ca350a-application@7adbd080{HTTP/1.1}{0.0.0.0:8080}" [_thread_in_native, id=22275, stack(0x0000000127f6e000,0x000000012806e000)]

siginfo:si_signo=SIGBUS: si_errno=0, si_code=2 (BUS_ADRERR), si_addr=0x00000001267c8919

Registers:
RAX=0x00007feaca5164a0, RBX=0x00000001267c890d, RCX=0x0000000000000001, RDX=0x0000000000000e08
RSP=0x000000012806b410, RBP=0x000000012806b470, RSI=0x00007feacc900000, RDI=0x000000010f2eaa00
R8 =0x0000000000000004, R9 =0x00000000fe000000, R10=0x0000000110d70d58, R11=0xfffffff97cccf77e
R12=0x0000000000025c00, R13=0x00000001266a4000, R14=0x00007feaca5164a0, R15=0x00007feaca697660
RIP=0x00000001103f1fe6, EFLAGS=0x0000000000010202, ERR=0x0000000000000004
  TRAPNO=0x000000000000000e

Top of Stack: (sp=0x000000012806b410)
0x000000012806b410:   00000000000000bb 000000002806b5a8
0x000000012806b420:   000000010f98d722 0000000000000007
0x000000012806b430:   000000012806b450 00007feaca5164a0
0x000000012806b440:   00007feacc9e2d40 00000000da8e8733
0x000000012806b450:   0000000000025c00 00000001266a4000
0x000000012806b460:   00007feaca5164a0 00007feaca697660
0x000000012806b470:   000000012806b4c0 00000001103f2654
0x000000012806b480:   0000000000000041 00000041cba00800
0x000000012806b490:   000000012806b4de 000000012806b928
0x000000012806b4a0:   0000000000000041 000000012806b4de
0x000000012806b4b0:   00007feaca5164a0 00007feacba009e0
0x000000012806b4c0:   000000012806b910 00000001103f149f
0x000000012806b4d0:   00007fff91b759a9 726f000000000001
0x000000012806b4e0:   7370696c63652f67 2f797474656a2f65
0x000000012806b4f0:   63656c65532f6f69 67616e614d726f74
0x000000012806b500:   67616e614d247265 7463656c65536465
0x000000012806b510:   706563634124726f 007373616c632e74
0x000000012806b520:   000000012806b970 0000000000000000
0x000000012806b530:   0000000000000000 0000000000000004
0x000000012806b540:   000000bc28a44ca8 000000012806b79c
0x000000012806b550:   00007fff7c4916b8 00000000ffffffff
0x000000012806b560:   0000000100000000 000000012806c100
0x000000012806b570:   0000000000000000 0000000100000000
0x000000012806b580:   000000002806c100 0000000000000001
0x000000012806b590:   0000000000000000 00007fff91b3506d
0x000000012806b5a0:   000000012806b970 000000012806b5b8
0x000000012806b5b0:   0000000000000000 000000010f98d722
0x000000012806b5c0:   0000000000000001 000000012806b79c
0x000000012806b5d0:   0000000000000004 000000012806b797
0x000000012806b5e0:   0000000000000009 0000001428a40370
0x000000012806b5f0:   000000012806b650 00007fff91b2ad3d
0x000000012806b600:   000000012806b620 000000012806b7e8 

Instructions: (pc=0x00000001103f1fe6)
0x00000001103f1fc6:   49 8b 7f 38 e8 95 1a 00 00 4d 89 77 38 49 89 5f
0x00000001103f1fd6:   40 4c 89 f0 48 85 c0 0f 84 16 05 00 00 48 89 c3
0x00000001103f1fe6:   0f b6 43 0c 0f b6 4b 0d 48 c1 e1 08 48 01 c1 0f
0x00000001103f1ff6:   b6 43 0e 0f b6 53 0f 48 c1 e2 08 48 01 c2 48 c1 

Register to memory mapping:

RAX=0x00007feaca5164a0 is an unknown value
RBX=0x00000001267c890d is an unknown value
RCX=0x0000000000000001 is an unknown value
RDX=0x0000000000000e08 is an unknown value
RSP=0x000000012806b410 is pointing into the stack for thread: 0x00007feacba00800
RBP=0x000000012806b470 is pointing into the stack for thread: 0x00007feacba00800
RSI=0x00007feacc900000 is an unknown value
RDI=0x000000010f2eaa00 is an unknown value
R8 =0x0000000000000004 is an unknown value
R9 =0x00000000fe000000 is an unknown value
R10=0x0000000110d70d58 is at entry_point+88 in (nmethod*)0x0000000110d70b90
R11=0xfffffff97cccf77e is an unknown value
R12=0x0000000000025c00 is an unknown value
R13=0x00000001266a4000 is an unknown value
R14=0x00007feaca5164a0 is an unknown value
R15=0x00007feaca697660 is an unknown value


Stack: [0x0000000127f6e000,0x000000012806e000],  sp=0x000000012806b410,  free space=1013k
Native frames: (J=compiled Java code, j=interpreted, Vv=VM code, C=native code)
C  [libzip.dylib+0x2fe6]  newEntry+0x154
C  [libzip.dylib+0x3654]  ZIP_GetEntry+0xa2
C  [libzip.dylib+0x249f]  Java_java_util_zip_ZipFile_getEntry+0xdd
J 97  java.util.zip.ZipFile.getEntry(J[BZ)J (0 bytes) @ 0x0000000110d70dce [0x0000000110d70d00+0xce]

Java frames: (J=compiled Java code, j=interpreted, Vv=VM code)
J 97  java.util.zip.ZipFile.getEntry(J[BZ)J (0 bytes) @ 0x0000000110d70d58 [0x0000000110d70d00+0x58]
J 1613 C2 sun.misc.URLClassPath$JarLoader.getResource(Ljava/lang/String;Z)Lsun/misc/Resource; (85 bytes) @ 0x000000011111e014 [0x000000011111db80+0x494]
J 1654 C2 java.net.URLClassLoader$1.run()Ljava/lang/Object; (5 bytes) @ 0x000000011127465c [0x0000000111274120+0x53c]
v  ~StubRoutines::call_stub
J 252  java.security.AccessController.doPrivileged(Ljava/security/PrivilegedExceptionAction;Ljava/security/AccessControlContext;)Ljava/lang/Object; (0 bytes) @ 0x0000000110db5fa3 [0x0000000110db5f40+0x63]
J 1653 C2 java.net.URLClassLoader.findClass(Ljava/lang/String;)Ljava/lang/Class; (29 bytes) @ 0x000000011112cfe4 [0x000000011112cf40+0xa4]
J 1439 C2 java.lang.ClassLoader.loadClass(Ljava/lang/String;Z)Ljava/lang/Class; (122 bytes) @ 0x00000001110de8b4 [0x00000001110ddee0+0x9d4]
J 231 C1 sun.misc.Launcher$AppClassLoader.loadClass(Ljava/lang/String;Z)Ljava/lang/Class; (40 bytes) @ 0x0000000110db2da4 [0x0000000110db2980+0x424]
J 230 C1 java.lang.ClassLoader.loadClass(Ljava/lang/String;)Ljava/lang/Class; (7 bytes) @ 0x0000000110db263c [0x0000000110db2540+0xfc]
v  ~StubRoutines::call_stub
j  org.eclipse.jetty.io.SelectorManager.accept(Ljava/nio/channels/SocketChannel;Ljava/lang/Object;)V+6
j  org.eclipse.jetty.io.SelectorManager.accept(Ljava/nio/channels/SocketChannel;)V+3
j  org.eclipse.jetty.server.ServerConnector.accepted(Ljava/nio/channels/SocketChannel;)V+21
j  org.eclipse.jetty.server.ServerConnector.accept(I)V+23
j  org.eclipse.jetty.server.AbstractConnector$Acceptor.run()V+154
j  org.eclipse.jetty.util.thread.QueuedThreadPool.runJob(Ljava/lang/Runnable;)V+1
j  org.eclipse.jetty.util.thread.QueuedThreadPool$3.run()V+75
j  java.lang.Thread.run()V+11
v  ~StubRoutines::call_stub

---------------  P R O C E S S  ---------------

Java Threads: ( => current thread )
  0x00007feacc366800 JavaThread "dw-admin-31" [_thread_blocked, id=12299, stack(0x000000012475e000,0x000000012485e000)]
  0x00007feacc014800 JavaThread "DestroyJavaVM" [_thread_blocked, id=4867, stack(0x00000001102d5000,0x00000001103d5000)]
  0x00007feacbd54000 JavaThread "dw-admin-28-acceptor-1@4ae1cff2-admin@41beb473{HTTP/1.1}{0.0.0.0:8081}" [_thread_blocked, id=26375, stack(0x0000000129546000,0x0000000129646000)]
  0x00007feacb9f0000 JavaThread "dw-admin-27-acceptor-0@7bf6bb64-admin@41beb473{HTTP/1.1}{0.0.0.0:8081}" [_thread_in_native, id=26883, stack(0x0000000129649000,0x0000000129749000)]
  0x00007feacc367800 JavaThread "dw-admin-25-selector-ServerConnectorManager@fb48952/3" [_thread_in_native, id=25859, stack(0x000000012917d000,0x000000012927d000)]
  0x00007feace145800 JavaThread "dw-admin-24-selector-ServerConnectorManager@fb48952/2" [_thread_in_native, id=25347, stack(0x000000012907a000,0x000000012917a000)]
  0x00007feacb7f7000 JavaThread "dw-admin-23-selector-ServerConnectorManager@fb48952/1" [_thread_in_native, id=24835, stack(0x0000000127906000,0x0000000127a06000)]
  0x00007feacab31000 JavaThread "dw-admin-22-selector-ServerConnectorManager@fb48952/0" [_thread_in_native, id=24327, stack(0x000000012857a000,0x000000012867a000)]
  0x00007feacb8ff800 JavaThread "dw-19" [_thread_blocked, id=23811, stack(0x0000000128277000,0x0000000128377000)]
  0x00007feacb8ff000 JavaThread "dw-18" [_thread_blocked, id=23299, stack(0x0000000128174000,0x0000000128274000)]
  0x00007feacb2f8000 JavaThread "dw-17-acceptor-1@61239057-application@7adbd080{HTTP/1.1}{0.0.0.0:8080}" [_thread_in_native, id=22787, stack(0x0000000128071000,0x0000000128171000)]
=>0x00007feacba00800 JavaThread "dw-16-acceptor-0@42ca350a-application@7adbd080{HTTP/1.1}{0.0.0.0:8080}" [_thread_in_native, id=22275, stack(0x0000000127f6e000,0x000000012806e000)]
  0x00007feacba00000 JavaThread "dw-15-selector-ServerConnectorManager@5927273/3" [_thread_in_native, id=21763, stack(0x0000000127e6b000,0x0000000127f6b000)]
  0x00007feacab34000 JavaThread "dw-14-selector-ServerConnectorManager@5927273/2" [_thread_in_native, id=21251, stack(0x0000000127d68000,0x0000000127e68000)]
  0x00007feacab20000 JavaThread "dw-13-selector-ServerConnectorManager@5927273/1" [_thread_in_native, id=20739, stack(0x0000000127c65000,0x0000000127d65000)]
  0x00007feacb976800 JavaThread "dw-12-selector-ServerConnectorManager@5927273/0" [_thread_in_native, id=20227, stack(0x0000000127b62000,0x0000000127c62000)]
  0x00007feacb28b800 JavaThread "AsyncAppender-Worker-Thread-2" daemon [_thread_blocked, id=19715, stack(0x0000000127a5f000,0x0000000127b5f000)]
  0x00007feacb8bf000 JavaThread "AsyncAppender-Worker-Thread-1" daemon [_thread_blocked, id=19203, stack(0x00000001273b7000,0x00000001274b7000)]
  0x00007feaca866800 JavaThread "Service Thread" daemon [_thread_blocked, id=18179, stack(0x0000000126367000,0x0000000126467000)]
  0x00007feaca864000 JavaThread "C1 CompilerThread2" daemon [_thread_blocked, id=17667, stack(0x0000000126264000,0x0000000126364000)]
  0x00007feaca863000 JavaThread "C2 CompilerThread1" daemon [_thread_blocked, id=17155, stack(0x0000000126161000,0x0000000126261000)]
  0x00007feacc006000 JavaThread "C2 CompilerThread0" daemon [_thread_blocked, id=16643, stack(0x000000012605e000,0x000000012615e000)]
  0x00007feaca875000 JavaThread "Signal Dispatcher" daemon [_thread_blocked, id=13331, stack(0x0000000125f5b000,0x000000012605b000)]
  0x00007feacb01e800 JavaThread "Finalizer" daemon [_thread_blocked, id=11523, stack(0x0000000124615000,0x0000000124715000)]
  0x00007feaca816800 JavaThread "Reference Handler" daemon [_thread_blocked, id=11011, stack(0x0000000124512000,0x0000000124612000)]

Other Threads:
  0x00007feacb01c000 VMThread [stack: 0x000000012440f000,0x000000012450f000] [id=10499]
  0x00007feaca85d800 WatcherThread [stack: 0x000000012646a000,0x000000012656a000] [id=18691]

VM state:not at safepoint (normal execution)

VM Mutex/Monitor currently owned by a thread: None

Heap:
 PSYoungGen      total 37376K, used 13581K [0x00000007aab00000, 0x00000007add80000, 0x00000007c0000000)
  eden space 32768K, 34% used [0x00000007aab00000,0x00000007ab5f1088,0x00000007acb00000)
  from space 4608K, 51% used [0x00000007acb00000,0x00000007acd526d0,0x00000007acf80000)
  to   space 5632K, 0% used [0x00000007ad800000,0x00000007ad800000,0x00000007add80000)
 ParOldGen       total 13312K, used 8817K [0x0000000780000000, 0x0000000780d00000, 0x00000007aab00000)
  object space 13312K, 66% used [0x0000000780000000,0x000000078089c598,0x0000000780d00000)
 Metaspace       used 25683K, capacity 25902K, committed 25984K, reserved 1071104K
  class space    used 3366K, capacity 3421K, committed 3456K, reserved 1048576K

Card table byte_map: [0x000000011fff4000,0x00000001201f5000] byte_map_base: 0x000000011c3f4000

Marking Bits: (ParMarkBitMap*) 0x000000010fc630a0
 Begin Bits: [0x0000000120757000, 0x0000000121757000)
 End Bits:   [0x0000000121757000, 0x0000000122757000)

Polling page: 0x00000001103e5000

CodeCache: size=245760Kb used=6648Kb max_used=6698Kb free=239111Kb
 bounds [0x0000000110c34000, 0x00000001112c4000, 0x000000011fc34000]
 total_blobs=2605 nmethods=2179 adapters=341
 compilation: enabled

Compilation events (10 events):
Event: 3.247 Thread 0x00007feaca864000 2177       3       ch.qos.logback.classic.Logger::appendLoopOnAppenders (18 bytes)
Event: 3.248 Thread 0x00007feaca864000 nmethod 2177 0x0000000111298050 code [0x00000001112981c0, 0x00000001112983a8]
Event: 3.248 Thread 0x00007feaca864000 2178       3       java.util.Calendar::internalGet (7 bytes)
Event: 3.248 Thread 0x00007feaca864000 nmethod 2178 0x0000000111298490 code [0x00000001112985e0, 0x0000000111298750]
Event: 3.248 Thread 0x00007feaca864000 2179       3       java.util.Vector::elementData (7 bytes)
Event: 3.248 Thread 0x00007feaca864000 nmethod 2179 0x0000000111298850 code [0x00000001112989a0, 0x0000000111298b10]
Event: 3.253 Thread 0x00007feacc006000 nmethod 2169 0x000000011129bb50 code [0x000000011129bcc0, 0x000000011129bfc8]
Event: 3.253 Thread 0x00007feacc006000 2172       4       java.util.LinkedList::<init> (10 bytes)
Event: 3.254 Thread 0x00007feacc006000 nmethod 2172 0x0000000111291c90 code [0x0000000111291dc0, 0x0000000111291e18]
Event: 3.528 Thread 0x00007feaca863000 nmethod 1795 0x00000001112a7450 code [0x00000001112a8160, 0x00000001112b1828]

GC Heap History (10 events):
Event: 1.880 GC heap before
{Heap before GC invocations=13 (full 0):
 PSYoungGen      total 23552K, used 22603K [0x00000007aab00000, 0x00000007ac500000, 0x00000007c0000000)
  eden space 20480K, 100% used [0x00000007aab00000,0x00000007abf00000,0x00000007abf00000)
  from space 3072K, 69% used [0x00000007ac200000,0x00000007ac412e18,0x00000007ac500000)
  to   space 3072K, 0% used [0x00000007abf00000,0x00000007abf00000,0x00000007ac200000)
 ParOldGen       total 64000K, used 4093K [0x0000000780000000, 0x0000000783e80000, 0x00000007aab00000)
  object space 64000K, 6% used [0x0000000780000000,0x00000007803ff798,0x0000000783e80000)
 Metaspace       used 18870K, capacity 19096K, committed 19200K, reserved 1067008K
  class space    used 2427K, capacity 2476K, committed 2560K, reserved 1048576K
Event: 1.887 GC heap after
Heap after GC invocations=13 (full 0):
 PSYoungGen      total 23552K, used 3069K [0x00000007aab00000, 0x00000007ad400000, 0x00000007c0000000)
  eden space 20480K, 0% used [0x00000007aab00000,0x00000007aab00000,0x00000007abf00000)
  from space 3072K, 99% used [0x00000007abf00000,0x00000007ac1ff790,0x00000007ac200000)
  to   space 4608K, 0% used [0x00000007acf80000,0x00000007acf80000,0x00000007ad400000)
 ParOldGen       total 64000K, used 6941K [0x0000000780000000, 0x0000000783e80000, 0x00000007aab00000)
  object space 64000K, 10% used [0x0000000780000000,0x00000007806c76c0,0x0000000783e80000)
 Metaspace       used 18870K, capacity 19096K, committed 19200K, reserved 1067008K
  class space    used 2427K, capacity 2476K, committed 2560K, reserved 1048576K
}
Event: 2.155 GC heap before
{Heap before GC invocations=14 (full 0):
 PSYoungGen      total 23552K, used 11358K [0x00000007aab00000, 0x00000007ad400000, 0x00000007c0000000)
  eden space 20480K, 40% used [0x00000007aab00000,0x00000007ab318400,0x00000007abf00000)
  from space 3072K, 99% used [0x00000007abf00000,0x00000007ac1ff790,0x00000007ac200000)
  to   space 4608K, 0% used [0x00000007acf80000,0x00000007acf80000,0x00000007ad400000)
 ParOldGen       total 64000K, used 6941K [0x0000000780000000, 0x0000000783e80000, 0x00000007aab00000)
  object space 64000K, 10% used [0x0000000780000000,0x00000007806c76c0,0x0000000783e80000)
 Metaspace       used 20974K, capacity 21120K, committed 21248K, reserved 1067008K
  class space    used 2686K, capacity 2736K, committed 2816K, reserved 1048576K
Event: 2.158 GC heap after
Heap after GC invocations=14 (full 0):
 PSYoungGen      total 37376K, used 1724K [0x00000007aab00000, 0x00000007ad400000, 0x00000007c0000000)
  eden space 32768K, 0% used [0x00000007aab00000,0x00000007aab00000,0x00000007acb00000)
  from space 4608K, 37% used [0x00000007acf80000,0x00000007ad12f040,0x00000007ad400000)
  to   space 4608K, 0% used [0x00000007acb00000,0x00000007acb00000,0x00000007acf80000)
 ParOldGen       total 64000K, used 7509K [0x0000000780000000, 0x0000000783e80000, 0x00000007aab00000)
  object space 64000K, 11% used [0x0000000780000000,0x00000007807556c0,0x0000000783e80000)
 Metaspace       used 20974K, capacity 21120K, committed 21248K, reserved 1067008K
  class space    used 2686K, capacity 2736K, committed 2816K, reserved 1048576K
}
Event: 2.158 GC heap before
{Heap before GC invocations=15 (full 1):
 PSYoungGen      total 37376K, used 1724K [0x00000007aab00000, 0x00000007ad400000, 0x00000007c0000000)
  eden space 32768K, 0% used [0x00000007aab00000,0x00000007aab00000,0x00000007acb00000)
  from space 4608K, 37% used [0x00000007acf80000,0x00000007ad12f040,0x00000007ad400000)
  to   space 4608K, 0% used [0x00000007acb00000,0x00000007acb00000,0x00000007acf80000)
 ParOldGen       total 64000K, used 7509K [0x0000000780000000, 0x0000000783e80000, 0x00000007aab00000)
  object space 64000K, 11% used [0x0000000780000000,0x00000007807556c0,0x0000000783e80000)
 Metaspace       used 20974K, capacity 21120K, committed 21248K, reserved 1067008K
  class space    used 2686K, capacity 2736K, committed 2816K, reserved 1048576K
Event: 2.215 GC heap after
Heap after GC invocations=15 (full 1):
 PSYoungGen      total 37376K, used 0K [0x00000007aab00000, 0x00000007ad400000, 0x00000007c0000000)
  eden space 32768K, 0% used [0x00000007aab00000,0x00000007aab00000,0x00000007acb00000)
  from space 4608K, 0% used [0x00000007acf80000,0x00000007acf80000,0x00000007ad400000)
  to   space 4608K, 0% used [0x00000007acb00000,0x00000007acb00000,0x00000007acf80000)
 ParOldGen       total 9216K, used 6334K [0x0000000780000000, 0x0000000780900000, 0x00000007aab00000)
  object space 9216K, 68% used [0x0000000780000000,0x000000078062f820,0x0000000780900000)
 Metaspace       used 20974K, capacity 21120K, committed 21248K, reserved 1067008K
  class space    used 2686K, capacity 2736K, committed 2816K, reserved 1048576K
}
Event: 2.950 GC heap before
{Heap before GC invocations=16 (full 1):
 PSYoungGen      total 37376K, used 32768K [0x00000007aab00000, 0x00000007ad400000, 0x00000007c0000000)
  eden space 32768K, 100% used [0x00000007aab00000,0x00000007acb00000,0x00000007acb00000)
  from space 4608K, 0% used [0x00000007acf80000,0x00000007acf80000,0x00000007ad400000)
  to   space 4608K, 0% used [0x00000007acb00000,0x00000007acb00000,0x00000007acf80000)
 ParOldGen       total 9216K, used 6334K [0x0000000780000000, 0x0000000780900000, 0x00000007aab00000)
  object space 9216K, 68% used [0x0000000780000000,0x000000078062f820,0x0000000780900000)
 Metaspace       used 25107K, capacity 25378K, committed 25728K, reserved 1071104K
  class space    used 3286K, capacity 3355K, committed 3456K, reserved 1048576K
Event: 2.960 GC heap after
Heap after GC invocations=16 (full 1):
 PSYoungGen      total 37376K, used 4602K [0x00000007aab00000, 0x00000007add80000, 0x00000007c0000000)
  eden space 32768K, 0% used [0x00000007aab00000,0x00000007aab00000,0x00000007acb00000)
  from space 4608K, 99% used [0x00000007acb00000,0x00000007acf7e980,0x00000007acf80000)
  to   space 5632K, 0% used [0x00000007ad800000,0x00000007ad800000,0x00000007add80000)
 ParOldGen       total 9216K, used 7903K [0x0000000780000000, 0x0000000780900000, 0x00000007aab00000)
  object space 9216K, 85% used [0x0000000780000000,0x00000007807b7c88,0x0000000780900000)
 Metaspace       used 25107K, capacity 25378K, committed 25728K, reserved 1071104K
  class space    used 3286K, capacity 3355K, committed 3456K, reserved 1048576K
}
Event: 2.960 GC heap before
{Heap before GC invocations=17 (full 2):
 PSYoungGen      total 37376K, used 4602K [0x00000007aab00000, 0x00000007add80000, 0x00000007c0000000)
  eden space 32768K, 0% used [0x00000007aab00000,0x00000007aab00000,0x00000007acb00000)
  from space 4608K, 99% used [0x00000007acb00000,0x00000007acf7e980,0x00000007acf80000)
  to   space 5632K, 0% used [0x00000007ad800000,0x00000007ad800000,0x00000007add80000)
 ParOldGen       total 9216K, used 7903K [0x0000000780000000, 0x0000000780900000, 0x00000007aab00000)
  object space 9216K, 85% used [0x0000000780000000,0x00000007807b7c88,0x0000000780900000)
 Metaspace       used 25107K, capacity 25378K, committed 25728K, reserved 1071104K
  class space    used 3286K, capacity 3355K, committed 3456K, reserved 1048576K
Event: 3.072 GC heap after
Heap after GC invocations=17 (full 2):
 PSYoungGen      total 37376K, used 2377K [0x00000007aab00000, 0x00000007add80000, 0x00000007c0000000)
  eden space 32768K, 0% used [0x00000007aab00000,0x00000007aab00000,0x00000007acb00000)
  from space 4608K, 51% used [0x00000007acb00000,0x00000007acd526d0,0x00000007acf80000)
  to   space 5632K, 0% used [0x00000007ad800000,0x00000007ad800000,0x00000007add80000)
 ParOldGen       total 13312K, used 8817K [0x0000000780000000, 0x0000000780d00000, 0x00000007aab00000)
  object space 13312K, 66% used [0x0000000780000000,0x000000078089c598,0x0000000780d00000)
 Metaspace       used 25107K, capacity 25378K, committed 25728K, reserved 1071104K
  class space    used 3286K, capacity 3355K, committed 3456K, reserved 1048576K
}

Deoptimization events (10 events):
Event: 2.621 Thread 0x00007feaca80d000 Uncommon trap: reason=class_check action=maybe_recompile pc=0x0000000110fe1358 method=java.util.AbstractList$Itr.hasNext()Z @ 8
Event: 2.621 Thread 0x00007feaca80d000 Uncommon trap: reason=class_check action=maybe_recompile pc=0x0000000110fe1c1c method=java.util.AbstractList$Itr.next()Ljava/lang/Object; @ 14
Event: 2.621 Thread 0x00007feaca80d000 Uncommon trap: reason=class_check action=maybe_recompile pc=0x0000000110fe1358 method=java.util.AbstractList$Itr.hasNext()Z @ 8
Event: 2.621 Thread 0x00007feaca80d000 Uncommon trap: reason=class_check action=maybe_recompile pc=0x0000000110fe1c1c method=java.util.AbstractList$Itr.next()Ljava/lang/Object; @ 14
Event: 2.624 Thread 0x00007feaca80d000 Uncommon trap: reason=bimorphic action=maybe_recompile pc=0x00000001110c5198 method=java.util.regex.Pattern$Start.match(Ljava/util/regex/Matcher;ILjava/lang/CharSequence;)Z @ 44
Event: 2.626 Thread 0x00007feaca80d000 Uncommon trap: reason=class_check action=maybe_recompile pc=0x0000000110fe1c1c method=java.util.AbstractList$Itr.next()Ljava/lang/Object; @ 14
Event: 2.634 Thread 0x00007feaca80d000 Uncommon trap: reason=bimorphic action=maybe_recompile pc=0x00000001110c5198 method=java.util.regex.Pattern$Start.match(Ljava/util/regex/Matcher;ILjava/lang/CharSequence;)Z @ 44
Event: 2.806 Thread 0x00007feaca80d000 Uncommon trap: reason=null_assert action=make_not_entrant pc=0x0000000110f13e2c method=java.util.concurrent.ConcurrentHashMap.putVal(Ljava/lang/Object;Ljava/lang/Object;Z)Ljava/lang/Object; @ 264
Event: 3.120 Thread 0x00007feaca80d000 Uncommon trap: reason=class_check action=maybe_recompile pc=0x000000011111872c method=java.lang.ref.ReferenceQueue.reallyPoll()Ljava/lang/ref/Reference; @ 52
Event: 3.120 Thread 0x00007feaca80d000 Uncommon trap: reason=class_check action=maybe_recompile pc=0x000000011111872c method=java.lang.ref.ReferenceQueue.reallyPoll()Ljava/lang/ref/Reference; @ 52

Internal exceptions (10 events):
Event: 3.228 Thread 0x00007feaca80d000 Exception <a 'java/security/PrivilegedActionException'> (0x00000007ab1f8450) thrown at [/HUDSON/workspace/8-2-build-macosx-x86_64/jdk8u5/2488/hotspot/src/share/vm/prims/jvm.cpp, line 1248]
Event: 3.230 Thread 0x00007feaca80d000 Exception <a 'java/security/PrivilegedActionException'> (0x00000007ab1fccd0) thrown at [/HUDSON/workspace/8-2-build-macosx-x86_64/jdk8u5/2488/hotspot/src/share/vm/prims/jvm.cpp, line 1248]
Event: 3.230 Thread 0x00007feaca80d000 Exception <a 'java/security/PrivilegedActionException'> (0x00000007ab200cc0) thrown at [/HUDSON/workspace/8-2-build-macosx-x86_64/jdk8u5/2488/hotspot/src/share/vm/prims/jvm.cpp, line 1248]
Event: 3.231 Thread 0x00007feaca80d000 Exception <a 'java/security/PrivilegedActionException'> (0x00000007ab20a298) thrown at [/HUDSON/workspace/8-2-build-macosx-x86_64/jdk8u5/2488/hotspot/src/share/vm/prims/jvm.cpp, line 1248]
Event: 3.231 Thread 0x00007feaca80d000 Exception <a 'java/security/PrivilegedActionException'> (0x00000007ab20d910) thrown at [/HUDSON/workspace/8-2-build-macosx-x86_64/jdk8u5/2488/hotspot/src/share/vm/prims/jvm.cpp, line 1248]
Event: 3.239 Thread 0x00007feaca80d000 Exception <a 'java/security/PrivilegedActionException'> (0x00000007ab214cf8) thrown at [/HUDSON/workspace/8-2-build-macosx-x86_64/jdk8u5/2488/hotspot/src/share/vm/prims/jvm.cpp, line 1248]
Event: 3.239 Thread 0x00007feacb976800 Exception <a 'java/security/PrivilegedActionException'> (0x00000007ab21b200) thrown at [/HUDSON/workspace/8-2-build-macosx-x86_64/jdk8u5/2488/hotspot/src/share/vm/prims/jvm.cpp, line 1248]
Event: 3.240 Thread 0x00007feacb976800 Exception <a 'java/security/PrivilegedActionException'> (0x00000007ab21eb90) thrown at [/HUDSON/workspace/8-2-build-macosx-x86_64/jdk8u5/2488/hotspot/src/share/vm/prims/jvm.cpp, line 1248]
Event: 3.240 Thread 0x00007feaca80d000 Exception <a 'java/security/PrivilegedActionException'> (0x00000007ab2bf378) thrown at [/HUDSON/workspace/8-2-build-macosx-x86_64/jdk8u5/2488/hotspot/src/share/vm/prims/jvm.cpp, line 1248]
Event: 79.131 Thread 0x00007feacba00800 Exception <a 'java/security/PrivilegedActionException'> (0x00000007ab39b8c0) thrown at [/HUDSON/workspace/8-2-build-macosx-x86_64/jdk8u5/2488/hotspot/src/share/vm/prims/jvm.cpp, line 1248]

Events (10 events):
Event: 79.122 loading class java/nio/channels/SocketChannel done
Event: 79.123 loading class sun/nio/ch/SocketChannelImpl done
Event: 79.124 loading class sun/nio/ch/SocketAdaptor
Event: 79.126 loading class java/net/Socket
Event: 79.128 loading class java/net/Socket done
Event: 79.128 loading class sun/nio/ch/SocketAdaptor done
Event: 79.128 loading class sun/nio/ch/SocketChannelImpl$DefaultOptionsHolder
Event: 79.128 loading class sun/nio/ch/SocketChannelImpl$DefaultOptionsHolder done
Event: 79.130 loading class org/eclipse/jetty/io/SelectorManager$ManagedSelector$Accept
Event: 79.130 loading class org/eclipse/jetty/io/SelectorManager$ManagedSelector$Accept done


Dynamic libraries:
0x000000000b49a000 	/System/Library/Frameworks/Cocoa.framework/Versions/A/Cocoa
0x000000000b49a000 	/System/Library/Frameworks/Security.framework/Versions/A/Security
0x000000000b49a000 	/System/Library/Frameworks/ApplicationServices.framework/Versions/A/ApplicationServices
0x000000000b49a000 	/usr/lib/libz.1.dylib
0x000000000b49a000 	/usr/lib/libSystem.B.dylib
0x000000000b49a000 	/usr/lib/libobjc.A.dylib
0x000000000b49a000 	/System/Library/Frameworks/CoreFoundation.framework/Versions/A/CoreFoundation
0x000000000b49a000 	/System/Library/Frameworks/Foundation.framework/Versions/C/Foundation
0x000000000b49a000 	/System/Library/Frameworks/AppKit.framework/Versions/C/AppKit
0x000000000b49a000 	/System/Library/Frameworks/CoreData.framework/Versions/A/CoreData
0x000000000b49a000 	/System/Library/PrivateFrameworks/RemoteViewServices.framework/Versions/A/RemoteViewServices
0x000000000b49a000 	/System/Library/PrivateFrameworks/UIFoundation.framework/Versions/A/UIFoundation
0x000000000b49a000 	/System/Library/Frameworks/IOSurface.framework/Versions/A/IOSurface
0x000000000b49a000 	/System/Library/Frameworks/AudioToolbox.framework/Versions/A/AudioToolbox
0x000000000b49a000 	/System/Library/Frameworks/AudioUnit.framework/Versions/A/AudioUnit
0x000000000b49a000 	/System/Library/PrivateFrameworks/DataDetectorsCore.framework/Versions/A/DataDetectorsCore
0x000000000b49a000 	/System/Library/PrivateFrameworks/DesktopServicesPriv.framework/Versions/A/DesktopServicesPriv
0x000000000b49a000 	/System/Library/Frameworks/Carbon.framework/Versions/A/Frameworks/HIToolbox.framework/Versions/A/HIToolbox
0x000000000b49a000 	/System/Library/Frameworks/QuartzCore.framework/Versions/A/QuartzCore
0x000000000b49a000 	/System/Library/Frameworks/Carbon.framework/Versions/A/Frameworks/SpeechRecognition.framework/Versions/A/SpeechRecognition
0x000000000b49a000 	/usr/lib/libauto.dylib
0x000000000b49a000 	/usr/lib/libicucore.A.dylib
0x000000000b49a000 	/usr/lib/libxml2.2.dylib
0x000000000b49a000 	/System/Library/PrivateFrameworks/CoreUI.framework/Versions/A/CoreUI
0x000000000b49a000 	/System/Library/Frameworks/CoreAudio.framework/Versions/A/CoreAudio
0x000000000b49a000 	/System/Library/Frameworks/DiskArbitration.framework/Versions/A/DiskArbitration
0x000000000b49a000 	/usr/lib/liblangid.dylib
0x000000000b49a000 	/System/Library/PrivateFrameworks/MultitouchSupport.framework/Versions/A/MultitouchSupport
0x000000000b49a000 	/System/Library/Frameworks/IOKit.framework/Versions/A/IOKit
0x000000000b49a000 	/usr/lib/libDiagnosticMessagesClient.dylib
0x000000000b49a000 	/System/Library/Frameworks/CoreServices.framework/Versions/A/CoreServices
0x000000000b49a000 	/System/Library/PrivateFrameworks/PerformanceAnalysis.framework/Versions/A/PerformanceAnalysis
0x000000000b49a000 	/System/Library/PrivateFrameworks/GenerationalStorage.framework/Versions/A/GenerationalStorage
0x000000000b49a000 	/System/Library/Frameworks/OpenGL.framework/Versions/A/OpenGL
0x000000000b49a000 	/System/Library/PrivateFrameworks/Sharing.framework/Versions/A/Sharing
0x000000000b49a000 	/System/Library/Frameworks/CoreGraphics.framework/Versions/A/CoreGraphics
0x000000000b49a000 	/System/Library/Frameworks/CoreText.framework/Versions/A/CoreText
0x000000000b49a000 	/System/Library/Frameworks/ImageIO.framework/Versions/A/ImageIO
0x000000000b49a000 	/usr/lib/libextension.dylib
0x000000000b49a000 	/System/Library/PrivateFrameworks/Backup.framework/Versions/A/Backup
0x000000000b49a000 	/usr/lib/libarchive.2.dylib
0x000000000b49a000 	/System/Library/Frameworks/CFNetwork.framework/Versions/A/CFNetwork
0x000000000b49a000 	/System/Library/Frameworks/SystemConfiguration.framework/Versions/A/SystemConfiguration
0x000000000b49a000 	/usr/lib/libCRFSuite.dylib
0x000000000b49a000 	/usr/lib/libc++.1.dylib
0x000000000b49a000 	/usr/lib/libc++abi.dylib
0x000000000b49a000 	/usr/lib/system/libcache.dylib
0x000000000b49a000 	/usr/lib/system/libcommonCrypto.dylib
0x000000000b49a000 	/usr/lib/system/libcompiler_rt.dylib
0x000000000b49a000 	/usr/lib/system/libcopyfile.dylib
0x000000000b49a000 	/usr/lib/system/libcorecrypto.dylib
0x000000000b49a000 	/usr/lib/system/libdispatch.dylib
0x000000000b49a000 	/usr/lib/system/libdyld.dylib
0x000000000b49a000 	/usr/lib/system/libkeymgr.dylib
0x000000000b49a000 	/usr/lib/system/liblaunch.dylib
0x000000000b49a000 	/usr/lib/system/libmacho.dylib
0x000000000b49a000 	/usr/lib/system/libquarantine.dylib
0x000000000b49a000 	/usr/lib/system/libremovefile.dylib
0x000000000b49a000 	/usr/lib/system/libsystem_asl.dylib
0x000000000b49a000 	/usr/lib/system/libsystem_blocks.dylib
0x000000000b49a000 	/usr/lib/system/libsystem_c.dylib
0x000000000b49a000 	/usr/lib/system/libsystem_configuration.dylib
0x000000000b49a000 	/usr/lib/system/libsystem_coreservices.dylib
0x000000000b49a000 	/usr/lib/system/libsystem_coretls.dylib
0x000000000b49a000 	/usr/lib/system/libsystem_dnssd.dylib
0x000000000b49a000 	/usr/lib/system/libsystem_info.dylib
0x000000000b49a000 	/usr/lib/system/libsystem_kernel.dylib
0x000000000b49a000 	/usr/lib/system/libsystem_m.dylib
0x000000000b49a000 	/usr/lib/system/libsystem_malloc.dylib
0x000000000b49a000 	/usr/lib/system/libsystem_network.dylib
0x000000000b49a000 	/usr/lib/system/libsystem_networkextension.dylib
0x000000000b49a000 	/usr/lib/system/libsystem_notify.dylib
0x000000000b49a000 	/usr/lib/system/libsystem_platform.dylib
0x000000000b49a000 	/usr/lib/system/libsystem_pthread.dylib
0x000000000b49a000 	/usr/lib/system/libsystem_sandbox.dylib
0x000000000b49a000 	/usr/lib/system/libsystem_secinit.dylib
0x000000000b49a000 	/usr/lib/system/libsystem_stats.dylib
0x000000000b49a000 	/usr/lib/system/libsystem_trace.dylib
0x000000000b49a000 	/usr/lib/system/libunc.dylib
0x000000000b49a000 	/usr/lib/system/libunwind.dylib
0x000000000b49a000 	/usr/lib/system/libxpc.dylib
0x000000000b49a000 	/usr/lib/libbz2.1.0.dylib
0x000000000b49a000 	/usr/lib/liblzma.5.dylib
0x000000000b49a000 	/usr/lib/libbsm.0.dylib
0x000000000b49a000 	/usr/lib/libsqlite3.dylib
0x000000000b49a000 	/usr/lib/system/libkxld.dylib
0x000000000b49a000 	/usr/lib/libxar.1.dylib
0x000000000b49a000 	/usr/lib/libpam.2.dylib
0x000000000b49a000 	/usr/lib/libOpenScriptingUtil.dylib
0x000000000b49a000 	/System/Library/Frameworks/CoreServices.framework/Versions/A/Frameworks/FSEvents.framework/Versions/A/FSEvents
0x000000000b49a000 	/System/Library/Frameworks/CoreServices.framework/Versions/A/Frameworks/CarbonCore.framework/Versions/A/CarbonCore
0x000000000b49a000 	/System/Library/Frameworks/CoreServices.framework/Versions/A/Frameworks/Metadata.framework/Versions/A/Metadata
0x000000000b49a000 	/System/Library/Frameworks/CoreServices.framework/Versions/A/Frameworks/OSServices.framework/Versions/A/OSServices
0x000000000b49a000 	/System/Library/Frameworks/CoreServices.framework/Versions/A/Frameworks/SearchKit.framework/Versions/A/SearchKit
0x000000000b49a000 	/System/Library/Frameworks/CoreServices.framework/Versions/A/Frameworks/AE.framework/Versions/A/AE
0x000000000b49a000 	/System/Library/Frameworks/CoreServices.framework/Versions/A/Frameworks/LaunchServices.framework/Versions/A/LaunchServices
0x000000000b49a000 	/System/Library/Frameworks/CoreServices.framework/Versions/A/Frameworks/DictionaryServices.framework/Versions/A/DictionaryServices
0x000000000b49a000 	/System/Library/Frameworks/NetFS.framework/Versions/A/NetFS
0x000000000b49a000 	/System/Library/PrivateFrameworks/NetAuth.framework/Versions/A/NetAuth
0x000000000b49a000 	/System/Library/PrivateFrameworks/login.framework/Versions/A/Frameworks/loginsupport.framework/Versions/A/loginsupport
0x000000000b49a000 	/System/Library/PrivateFrameworks/TCC.framework/Versions/A/TCC
0x000000000b49a000 	/usr/lib/libmecabra.dylib
0x000000000b49a000 	/System/Library/Frameworks/ApplicationServices.framework/Versions/A/Frameworks/ATS.framework/Versions/A/ATS
0x000000000b49a000 	/System/Library/Frameworks/ApplicationServices.framework/Versions/A/Frameworks/ColorSync.framework/Versions/A/ColorSync
0x000000000b49a000 	/System/Library/Frameworks/ApplicationServices.framework/Versions/A/Frameworks/HIServices.framework/Versions/A/HIServices
0x000000000b49a000 	/System/Library/Frameworks/ApplicationServices.framework/Versions/A/Frameworks/LangAnalysis.framework/Versions/A/LangAnalysis
0x000000000b49a000 	/System/Library/Frameworks/ApplicationServices.framework/Versions/A/Frameworks/PrintCore.framework/Versions/A/PrintCore
0x000000000b49a000 	/System/Library/Frameworks/ApplicationServices.framework/Versions/A/Frameworks/QD.framework/Versions/A/QD
0x000000000b49a000 	/System/Library/Frameworks/ApplicationServices.framework/Versions/A/Frameworks/SpeechSynthesis.framework/Versions/A/SpeechSynthesis
0x000000000b49a000 	/System/Library/Frameworks/Accelerate.framework/Versions/A/Accelerate
0x000000000b49a000 	/System/Library/Frameworks/Accelerate.framework/Versions/A/Frameworks/vImage.framework/Versions/A/vImage
0x000000000b49a000 	/System/Library/Frameworks/Accelerate.framework/Versions/A/Frameworks/vecLib.framework/Versions/A/vecLib
0x000000000b49a000 	/System/Library/Frameworks/Accelerate.framework/Versions/A/Frameworks/vecLib.framework/Versions/A/libvDSP.dylib
0x000000000b49a000 	/System/Library/Frameworks/Accelerate.framework/Versions/A/Frameworks/vecLib.framework/Versions/A/libvMisc.dylib
0x000000000b49a000 	/System/Library/Frameworks/Accelerate.framework/Versions/A/Frameworks/vecLib.framework/Versions/A/libLAPACK.dylib
0x000000000b49a000 	/System/Library/Frameworks/Accelerate.framework/Versions/A/Frameworks/vecLib.framework/Versions/A/libBLAS.dylib
0x000000000b49a000 	/System/Library/Frameworks/Accelerate.framework/Versions/A/Frameworks/vecLib.framework/Versions/A/libLinearAlgebra.dylib
0x000000000b49a000 	/System/Library/Frameworks/ApplicationServices.framework/Versions/A/Frameworks/ATS.framework/Versions/A/Resources/libFontParser.dylib
0x000000000b49a000 	/System/Library/Frameworks/ApplicationServices.framework/Versions/A/Frameworks/ATS.framework/Versions/A/Resources/libFontRegistry.dylib
0x000000000b49a000 	/System/Library/PrivateFrameworks/AppleVPA.framework/Versions/A/AppleVPA
0x000000000b49a000 	/System/Library/PrivateFrameworks/AppleJPEG.framework/Versions/A/AppleJPEG
0x000000000b49a000 	/System/Library/Frameworks/ImageIO.framework/Versions/A/Resources/libJPEG.dylib
0x000000000b49a000 	/System/Library/Frameworks/ImageIO.framework/Versions/A/Resources/libTIFF.dylib
0x000000000b49a000 	/System/Library/Frameworks/ImageIO.framework/Versions/A/Resources/libPng.dylib
0x000000000b49a000 	/System/Library/Frameworks/ImageIO.framework/Versions/A/Resources/libGIF.dylib
0x000000000b49a000 	/System/Library/Frameworks/ImageIO.framework/Versions/A/Resources/libJP2.dylib
0x000000000b49a000 	/System/Library/Frameworks/ImageIO.framework/Versions/A/Resources/libRadiance.dylib
0x000000000b49a000 	/System/Library/Frameworks/CoreVideo.framework/Versions/A/CoreVideo
0x000000000b49a000 	/System/Library/Frameworks/OpenGL.framework/Versions/A/Libraries/libGLU.dylib
0x000000000b49a000 	/System/Library/Frameworks/OpenGL.framework/Versions/A/Libraries/libGFXShared.dylib
0x000000000b49a000 	/System/Library/Frameworks/OpenGL.framework/Versions/A/Libraries/libGL.dylib
0x000000000b49a000 	/System/Library/Frameworks/OpenGL.framework/Versions/A/Libraries/libGLImage.dylib
0x000000000b49a000 	/System/Library/Frameworks/OpenGL.framework/Versions/A/Libraries/libCVMSPluginSupport.dylib
0x000000000b49a000 	/System/Library/Frameworks/OpenGL.framework/Versions/A/Libraries/libCoreVMClient.dylib
0x000000000b49a000 	/usr/lib/libcups.2.dylib
0x000000000b49a000 	/System/Library/Frameworks/Kerberos.framework/Versions/A/Kerberos
0x000000000b49a000 	/System/Library/Frameworks/GSS.framework/Versions/A/GSS
0x000000000b49a000 	/usr/lib/libresolv.9.dylib
0x000000000b49a000 	/usr/lib/libiconv.2.dylib
0x000000000b49a000 	/System/Library/PrivateFrameworks/Heimdal.framework/Versions/A/Heimdal
0x000000000b49a000 	/usr/lib/libheimdal-asn1.dylib
0x000000000b49a000 	/System/Library/Frameworks/OpenDirectory.framework/Versions/A/OpenDirectory
0x000000000b49a000 	/System/Library/PrivateFrameworks/CommonAuth.framework/Versions/A/CommonAuth
0x000000000b49a000 	/System/Library/Frameworks/OpenDirectory.framework/Versions/A/Frameworks/CFOpenDirectory.framework/Versions/A/CFOpenDirectory
0x000000000b49a000 	/System/Library/Frameworks/SecurityFoundation.framework/Versions/A/SecurityFoundation
0x000000000b49a000 	/System/Library/PrivateFrameworks/LanguageModeling.framework/Versions/A/LanguageModeling
0x000000000b49a000 	/usr/lib/libcmph.dylib
0x000000000b49a000 	/System/Library/Frameworks/ServiceManagement.framework/Versions/A/ServiceManagement
0x000000000b49a000 	/usr/lib/libxslt.1.dylib
0x000000000b49a000 	/System/Library/Frameworks/Carbon.framework/Versions/A/Frameworks/Ink.framework/Versions/A/Ink
0x000000000b49a000 	/System/Library/Frameworks/QuartzCore.framework/Versions/A/Frameworks/CoreImage.framework/Versions/A/CoreImage
0x000000000b49a000 	/System/Library/PrivateFrameworks/CrashReporterSupport.framework/Versions/A/CrashReporterSupport
0x000000000b49a000 	/System/Library/Frameworks/OpenCL.framework/Versions/A/OpenCL
0x000000000b49a000 	/System/Library/PrivateFrameworks/FaceCore.framework/Versions/A/FaceCore
0x000000000b49a000 	/System/Library/PrivateFrameworks/Ubiquity.framework/Versions/A/Ubiquity
0x000000000b49a000 	/System/Library/PrivateFrameworks/IconServices.framework/Versions/A/IconServices
0x000000000b49a000 	/System/Library/PrivateFrameworks/ChunkingLibrary.framework/Versions/A/ChunkingLibrary
0x000000000b49a000 	/System/Library/PrivateFrameworks/Apple80211.framework/Versions/A/Apple80211
0x000000000b49a000 	/System/Library/Frameworks/CoreWLAN.framework/Versions/A/CoreWLAN
0x000000000b49a000 	/System/Library/Frameworks/IOBluetooth.framework/Versions/A/IOBluetooth
0x000000000b49a000 	/System/Library/PrivateFrameworks/CoreWiFi.framework/Versions/A/CoreWiFi
0x000000000b49a000 	/System/Library/Frameworks/CoreBluetooth.framework/Versions/A/CoreBluetooth
0x000000000b49a000 	/System/Library/PrivateFrameworks/DebugSymbols.framework/Versions/A/DebugSymbols
0x000000000b49a000 	/System/Library/PrivateFrameworks/CoreSymbolication.framework/Versions/A/CoreSymbolication
0x000000000b49a000 	/System/Library/PrivateFrameworks/Symbolication.framework/Versions/A/Symbolication
0x000000000b49a000 	/System/Library/PrivateFrameworks/SpeechRecognitionCore.framework/Versions/A/SpeechRecognitionCore
0x000000010f3fd000 	/Library/Java/JavaVirtualMachines/jdk1.8.0_05.jdk/Contents/Home/jre/lib/server/libjvm.dylib
0x000000000b49a000 	/usr/lib/libstdc++.6.dylib
0x00000001103d7000 	/Library/Java/JavaVirtualMachines/jdk1.8.0_05.jdk/Contents/Home/jre/lib/libverify.dylib
0x0000000110c00000 	/Library/Java/JavaVirtualMachines/jdk1.8.0_05.jdk/Contents/Home/jre/lib/libjava.dylib
0x00000001103ef000 	/Library/Java/JavaVirtualMachines/jdk1.8.0_05.jdk/Contents/Home/jre/lib/libzip.dylib
0x0000000124717000 	/System/Library/Frameworks/JavaVM.framework/Frameworks/JavaRuntimeSupport.framework/JavaRuntimeSupport
0x000000012472f000 	/System/Library/Frameworks/JavaVM.framework/Versions/A/Frameworks/JavaNativeFoundation.framework/Versions/A/JavaNativeFoundation
0x0000000124744000 	/System/Library/Frameworks/JavaVM.framework/Versions/A/JavaVM
0x000000000b49a000 	/System/Library/Frameworks/Carbon.framework/Versions/A/Carbon
0x0000000124751000 	/System/Library/PrivateFrameworks/JavaLaunching.framework/Versions/A/JavaLaunching
0x000000000b49a000 	/System/Library/Frameworks/Carbon.framework/Versions/A/Frameworks/CommonPanels.framework/Versions/A/CommonPanels
0x000000000b49a000 	/System/Library/Frameworks/Carbon.framework/Versions/A/Frameworks/Help.framework/Versions/A/Help
0x000000000b49a000 	/System/Library/Frameworks/Carbon.framework/Versions/A/Frameworks/ImageCapture.framework/Versions/A/ImageCapture
0x000000000b49a000 	/System/Library/Frameworks/Carbon.framework/Versions/A/Frameworks/OpenScripting.framework/Versions/A/OpenScripting
0x000000000b49a000 	/System/Library/Frameworks/Carbon.framework/Versions/A/Frameworks/Print.framework/Versions/A/Print
0x000000000b49a000 	/System/Library/Frameworks/Carbon.framework/Versions/A/Frameworks/SecurityHI.framework/Versions/A/SecurityHI
0x0000000126685000 	/Library/Java/JavaVirtualMachines/jdk1.8.0_05.jdk/Contents/Home/jre/lib/libmanagement.dylib
0x0000000126cb3000 	/Library/Java/JavaVirtualMachines/jdk1.8.0_05.jdk/Contents/Home/jre/lib/libnet.dylib
0x0000000126692000 	/Library/Java/JavaVirtualMachines/jdk1.8.0_05.jdk/Contents/Home/jre/lib/libnio.dylib

VM Arguments:
java_command: target/gunit-service.jar server dev.yml
java_class_path (initial): target/gunit-service.jar
Launcher Type: SUN_STANDARD

Environment Variables:
JAVA_HOME=/Library/Java/JavaVirtualMachines/jdk1.8.0_05.jdk/Contents/Home
PATH=/Users/davida/.rbenv/shims:/usr/bin:/bin:/usr/sbin:/sbin:/usr/local/bin:/usr/gradle-2.2.1/bin:/Users/davida/.rvm/bin
SHELL=/bin/zsh
DISPLAY=/private/tmp/com.apple.launchd.IQxIIxL3ex/org.macosforge.xquartz:0

Signal Handlers:
SIGSEGV: [libjvm.dylib+0x55f7df], sa_mask[0]=0xfffefeff, sa_flags=0x00000043
SIGBUS: [libjvm.dylib+0x55f7df], sa_mask[0]=0xfffefeff, sa_flags=0x00000042
SIGFPE: [libjvm.dylib+0x442cfa], sa_mask[0]=0xfffefeff, sa_flags=0x00000042
SIGPIPE: [libjvm.dylib+0x442cfa], sa_mask[0]=0xfffefeff, sa_flags=0x00000042
SIGXFSZ: [libjvm.dylib+0x442cfa], sa_mask[0]=0xfffefeff, sa_flags=0x00000042
SIGILL: [libjvm.dylib+0x442cfa], sa_mask[0]=0xfffefeff, sa_flags=0x00000042
SIGUSR1: SIG_DFL, sa_mask[0]=0x00000000, sa_flags=0x00000002
SIGUSR2: [libjvm.dylib+0x442818], sa_mask[0]=0x00000000, sa_flags=0x00000042
SIGHUP: [libjvm.dylib+0x440ba5], sa_mask[0]=0xfffefeff, sa_flags=0x00000042
SIGINT: [libjvm.dylib+0x440ba5], sa_mask[0]=0xfffefeff, sa_flags=0x00000042
SIGTERM: [libjvm.dylib+0x440ba5], sa_mask[0]=0xfffefeff, sa_flags=0x00000042
SIGQUIT: [libjvm.dylib+0x440ba5], sa_mask[0]=0xfffefeff, sa_flags=0x00000042


---------------  S Y S T E M  ---------------

OS:Bsduname:Darwin 14.1.0 Darwin Kernel Version 14.1.0: Fri Dec  5 06:49:27 PST 2014; root:xnu-2782.10.67~9/RELEASE_X86_64 x86_64
rlimit: STACK 8192k, CORE 0k, NPROC 709, NOFILE 10240, AS infinity
load average:6.11 2.82 2.17

CPU:total 4 (2 cores per cpu, 2 threads per core) family 6 model 58 stepping 9, cmov, cx8, fxsr, mmx, sse, sse2, sse3, ssse3, sse4.1, sse4.2, popcnt, avx, aes, clmul, erms, ht, tsc, tscinvbit

Memory: 4k page, physical 4194304k(59900k free)

/proc/meminfo:


vm_info: Java HotSpot(TM) 64-Bit Server VM (25.5-b02) for bsd-amd64 JRE (1.8.0_05-b13), built on Mar 18 2014 00:36:13 by "java_re" with gcc 4.2.1 (Based on Apple Inc. build 5658) (LLVM build 2336.11.00)

time: Sun Mar  8 11:53:38 2015
elapsed time: 79 seconds

